0 info it worked if it ends with ok
1 verbose cli [ 'P:\\nodejs\\node.exe',
1 verbose cli   'C:\\Users\\nJ\\AppData\\Roaming\\npm\\node_modules\\npm\\bin\\npm-cli.js',
1 verbose cli   'start' ]
2 info using npm@3.9.5
3 info using node@v6.2.1
4 verbose run-script [ 'prestart', 'start', 'poststart' ]
5 info lifecycle raspiserver@1.0.0~prestart: raspiserver@1.0.0
6 silly lifecycle raspiserver@1.0.0~prestart: no script for prestart, continuing
7 info lifecycle raspiserver@1.0.0~start: raspiserver@1.0.0
8 verbose lifecycle raspiserver@1.0.0~start: unsafe-perm in lifecycle true
9 verbose lifecycle raspiserver@1.0.0~start: PATH: C:\Users\nJ\AppData\Roaming\npm\node_modules\npm\bin\node-gyp-bin;P:\github\raspiserver\node_modules\.bin;P:\nodejs;C:\Users\nJ\bin;C:\Program Files\Git\mingw64\bin;C:\Program Files\Git\usr\local\bin;C:\Program Files\Git\usr\bin;C:\Program Files\Git\usr\bin;C:\Program Files\Git\mingw64\bin;C:\Program Files\Git\usr\bin;C:\Users\nJ\bin;C:\ProgramData\Oracle\Java\javapath;C:\Program Files (x86)\Intel\iCLS Client;C:\Program Files\Intel\iCLS Client;C:\WINDOWS\system32;C:\WINDOWS;C:\WINDOWS\System32\Wbem;C:\WINDOWS\System32\WindowsPowerShell\v1.0;C:\Program Files\ASUS\Bluetooth Software;C:\Program Files\ASUS\Bluetooth Software\syswow64;C:\Program Files (x86)\ATI Technologies\ATI.ACE\Core-Static;C:\Program Files\Intel\Intel(R) Management Engine Components\DAL;C:\Program Files\Intel\Intel(R) Management Engine Components\IPT;C:\Program Files (x86)\Intel\Intel(R) Management Engine Components\DAL;C:\Program Files (x86)\Intel\Intel(R) Management Engine Components\IPT;C:\Program Files (x86)\Windows Kits\8.1\Windows Performance Toolkit;C:\Program Files\Microsoft SQL Server\110\Tools\Binn;C:\Program Files\Java\jdk1.8.0_11\bin;C:\Program Files (x86)\Windows Live\Shared;C:\Windows\Microsoft.NET\Framework64\v4.0.30319;C:\Users\nJ\AppData\Local\GitHub\PortableGit_ed44d00daa128db527396557813e7b68709ed0e2\bin;P:\Program Files\WinSCP;P:\AndroidAppProjects\sdk\platform-tools;C:\Program Files\Microsoft\Web Platform Installer;C:\Program Files (x86)\Microsoft SDKs\TypeScript\1.0;C:\Program Files\Microsoft SQL Server\120\Tools\Binn;C:\Program Files (x86)\AMD\ATI.ACE\Core-Static;C:\Program Files (x86)\Skype\Phone;P:\nodejs;P:\Program Files\Brackets\command;C:\Program Files\Git\cmd;C:\Ruby22-x64\bin;C:\Users\nJ\AppData\Roaming\npm;C:\Program Files (x86)\Microsoft VS Code\bin;C:\Users\nJ\AppData\Local\atom\bin;C:\Program Files\Git\usr\bin\vendor_perl;C:\Program Files\Git\usr\bin\core_perl
10 verbose lifecycle raspiserver@1.0.0~start: CWD: P:\github\raspiserver
11 silly lifecycle raspiserver@1.0.0~start: Args: [ '/d /s /c', 'node /app.js' ]
12 silly lifecycle raspiserver@1.0.0~start: Returned: code: 1  signal: null
13 info lifecycle raspiserver@1.0.0~start: Failed to exec start script
14 verbose stack Error: raspiserver@1.0.0 start: `node /app.js`
14 verbose stack Exit status 1
14 verbose stack     at EventEmitter.<anonymous> (C:\Users\nJ\AppData\Roaming\npm\node_modules\npm\lib\utils\lifecycle.js:245:16)
14 verbose stack     at emitTwo (events.js:106:13)
14 verbose stack     at EventEmitter.emit (events.js:191:7)
14 verbose stack     at ChildProcess.<anonymous> (C:\Users\nJ\AppData\Roaming\npm\node_modules\npm\lib\utils\spawn.js:24:14)
14 verbose stack     at emitTwo (events.js:106:13)
14 verbose stack     at ChildProcess.emit (events.js:191:7)
14 verbose stack     at maybeClose (internal/child_process.js:852:16)
14 verbose stack     at Process.ChildProcess._handle.onexit (internal/child_process.js:215:5)
15 verbose pkgid raspiserver@1.0.0
16 verbose cwd P:\github\raspiserver\src
17 error Windows_NT 10.0.10586
18 error argv "P:\\nodejs\\node.exe" "C:\\Users\\nJ\\AppData\\Roaming\\npm\\node_modules\\npm\\bin\\npm-cli.js" "start"
19 error node v6.2.1
20 error npm  v3.9.5
21 error code ELIFECYCLE
22 error raspiserver@1.0.0 start: `node /app.js`
22 error Exit status 1
23 error Failed at the raspiserver@1.0.0 start script 'node /app.js'.
23 error Make sure you have the latest version of node.js and npm installed.
23 error If you do, this is most likely a problem with the raspiserver package,
23 error not with npm itself.
23 error Tell the author that this fails on your system:
23 error     node /app.js
23 error You can get information on how to open an issue for this project with:
23 error     npm bugs raspiserver
23 error Or if that isn't available, you can get their info via:
23 error     npm owner ls raspiserver
23 error There is likely additional logging output above.
24 verbose exit [ 1, true ]
